<?xml version="1.0" encoding="UTF-8"?>
<!-- Generated by org.testng.reporters.JUnitReportReporter -->
<testsuite hostname="DESKTOP-USV7J7K" failures="0" tests="1" name="script1.Script2" time="10.950" errors="0" timestamp="2023-02-09T03:33:00 PST" skipped="0">
  <testcase classname="script1.Script2" name="testB" time="10.950"/>
  <system-out/>
</testsuite> <!-- script1.Script2 -->
